Wed Aug 09 20:11:18 CEST 2017 : Apache Derby Network Server 10.11.1.2 - (1629631) wurde gestartet und ist bereit, Verbindungen auf Port 1527 zu akzeptieren.
----------------------------------------------------------------
Wed Aug 09 20:11:18 CEST 2017:
Booten von Derby-Version The Apache Software Foundation - Apache Derby - 10.11.1.2 - (1629631): Instanz a816c00e-015d-c831-915a-00003d08372f
für Datenbankverzeichnis C:\Users\Andre\Documents\NetBeansProjects\Datenbank\SWPWI2017 mit Class Loader sun.misc.Launcher$AppClassLoader@6f94fa3e
Geladen aus file:/C:/Program%20Files/Java/jdk1.8.0_112/db/lib/derby.jar
java.vendor=Oracle Corporation
java.runtime.version=1.8.0_112-b15
user.dir=C:\Program Files\Java\jdk1.8.0_112\db
os.name=Windows 8.1
os.arch=amd64
os.version=6.3
derby.system.home=C:\Users\Andre\Documents\NetBeansProjects\Datenbank
Datenbank-Class Loader wurde gestartet - derby.database.classpath=''
----------------------------------------------------------------
Wed Aug 09 20:11:20 CEST 2017:
Instanz a816c00e-015d-c831-915a-00003d08372f im Datenbankverzeichnis C:\Users\Andre\Documents\NetBeansProjects\Datenbank\SWPWI2017 mit Class Loader sun.misc.Launcher$AppClassLoader@6f94fa3e wird heruntergefahren
Wed Aug 09 20:11:20 CEST 2017 Thread[DRDAConnThread_3,5,main] (DATABASE = SWPWI2017), (DRDAID = {2}), Datenbank 'SWPWI2017' wird heruntergefahren.
----------------------------------------------------------------
Wed Aug 09 20:11:27 CEST 2017:
Booten von Derby-Version The Apache Software Foundation - Apache Derby - 10.11.1.2 - (1629631): Instanz a65c80ac-015d-c831-915a-00003d08372f
für Datenbankverzeichnis C:\Users\Andre\Documents\NetBeansProjects\Datenbank\SWPWI2017 mit Class Loader sun.misc.Launcher$AppClassLoader@6f94fa3e
Geladen aus file:/C:/Program%20Files/Java/jdk1.8.0_112/db/lib/derby.jar
java.vendor=Oracle Corporation
java.runtime.version=1.8.0_112-b15
user.dir=C:\Program Files\Java\jdk1.8.0_112\db
os.name=Windows 8.1
os.arch=amd64
os.version=6.3
derby.system.home=C:\Users\Andre\Documents\NetBeansProjects\Datenbank
Datenbank-Class Loader wurde gestartet - derby.database.classpath=''
----------------------------------------------------------------
Wed Aug 09 20:24:45 CEST 2017: Derby-Engine wird heruntergefahren
